\BOOKMARK [1][-]{section.1}{\376\377\0001\000\040\000I\000n\000t\000r\000o\000d\000u\000c\000t\000i\000o\000n}{}% 1
\BOOKMARK [1][-]{section.2}{\376\377\0002\000\040\000B\000a\000c\000k\000g\000r\000o\000u\000n\000d}{}% 2
\BOOKMARK [1][-]{section.3}{\376\377\0003\000\040\000R\000e\000l\000a\000t\000e\000d\000\040\000w\000o\000r\000k\000s}{}% 3
\BOOKMARK [1][-]{section.4}{\376\377\0004\000\040\000O\000b\000j\000e\000c\000t\000i\000v\000e\000s\000\040\000a\000n\000d\000\040\000g\000o\000a\000l\000s}{}% 4
\BOOKMARK [1][-]{section.5}{\376\377\0005\000\040\000P\000r\000o\000j\000e\000c\000t\000\040\000p\000l\000a\000n}{}% 5
\BOOKMARK [1][-]{section.6}{\376\377\0006\000\040\000P\000r\000o\000b\000l\000e\000m\000s}{}% 6
\BOOKMARK [2][-]{subsection.6.1}{\376\377\0006\000.\0001\000\040\000S\000u\000p\000p\000o\000r\000t\000i\000n\000g\000\040\000d\000i\000f\000f\000e\000r\000e\000n\000t\000\040\000s\000c\000r\000e\000e\000n\000\040\000s\000i\000z\000e\000s}{section.6}% 7
\BOOKMARK [2][-]{subsection.6.2}{\376\377\0006\000.\0002\000\040\000D\000a\000t\000a\000\040\000s\000h\000a\000r\000i\000n\000g\000\040\000b\000e\000t\000w\000e\000e\000n\000\040\000a\000p\000p\000\040\000c\000o\000m\000p\000o\000n\000e\000n\000t\000s}{section.6}% 8
\BOOKMARK [2][-]{subsection.6.3}{\376\377\0006\000.\0003\000\040\000F\000e\000t\000c\000h\000i\000n\000g\000\040\000d\000a\000t\000a}{section.6}% 9
\BOOKMARK [2][-]{subsection.6.4}{\376\377\0006\000.\0004\000\040\000P\000r\000o\000b\000l\000e\000m\000s\000\040\000w\000i\000t\000h\000\040\000t\000h\000e\000\040\000d\000a\000t\000a\000b\000a\000s\000e}{section.6}% 10
\BOOKMARK [1][-]{section.7}{\376\377\0007\000\040\000R\000e\000s\000u\000l\000t\000s}{}% 11
\BOOKMARK [2][-]{subsection.7.1}{\376\377\0007\000.\0001\000\040\000R\000e\000g\000i\000s\000t\000e\000r}{section.7}% 12
\BOOKMARK [2][-]{subsection.7.2}{\376\377\0007\000.\0002\000\040\000H\000o\000m\000e}{section.7}% 13
\BOOKMARK [2][-]{subsection.7.3}{\376\377\0007\000.\0003\000\040\000B\000o\000x}{section.7}% 14
\BOOKMARK [2][-]{subsection.7.4}{\376\377\0007\000.\0004\000\040\000C\000o\000n\000t\000a\000c\000t\000s}{section.7}% 15
\BOOKMARK [2][-]{subsection.7.5}{\376\377\0007\000.\0005\000\040\000C\000o\000r\000r\000e\000s\000p\000o\000n\000d\000e\000n\000c\000e}{section.7}% 16
\BOOKMARK [2][-]{subsection.7.6}{\376\377\0007\000.\0006\000\040\000C\000o\000m\000p\000o\000s\000e}{section.7}% 17
\BOOKMARK [1][-]{section.8}{\376\377\0008\000\040\000F\000e\000e\000d\000b\000a\000c\000k\000\040\000a\000n\000d\000\040\000I\000m\000p\000r\000o\000v\000e\000m\000e\000n\000t\000s}{}% 18
\BOOKMARK [2][-]{subsection.8.1}{\376\377\0008\000.\0001\000\040\000U\000s\000e\000r\000\040\000f\000e\000e\000d\000b\000a\000c\000k}{section.8}% 19
\BOOKMARK [2][-]{subsection.8.2}{\376\377\0008\000.\0002\000\040\000I\000d\000e\000a\000s\000\040\000f\000o\000r\000\040\000f\000u\000t\000u\000r\000e\000\040\000d\000e\000v\000e\000l\000o\000p\000m\000e\000n\000t}{section.8}% 20
\BOOKMARK [2][-]{subsection.8.3}{\376\377\0008\000.\0003\000\040\000D\000i\000s\000c\000u\000s\000s\000i\000o\000n}{section.8}% 21
\BOOKMARK [1][-]{section*.9}{\376\377\000R\000e\000f\000e\000r\000e\000n\000c\000e\000s}{}% 22
